c:\users\psj25_000\desktop\두견\dx3d\debug\dx3d.pch
c:\users\psj25_000\desktop\두견\dx3d\debug\vc140.pdb
c:\users\psj25_000\desktop\두견\dx3d\debug\vc140.idb
c:\users\psj25_000\desktop\두견\dx3d\debug\stdafx.obj
c:\users\psj25_000\desktop\두견\dx3d\debug\mapmanager.obj
c:\users\psj25_000\desktop\두견\dx3d\debug\objloader.obj
c:\users\psj25_000\desktop\두견\dx3d\debug\objmanager.obj
c:\users\psj25_000\desktop\두견\dx3d\debug\objmap.obj
c:\users\psj25_000\desktop\두견\dx3d\debug\particletest.obj
c:\users\psj25_000\desktop\두견\dx3d\debug\picking.obj
c:\users\psj25_000\desktop\두견\dx3d\debug\ray.obj
c:\users\psj25_000\desktop\두견\dx3d\debug\sampleui.obj
c:\users\psj25_000\desktop\두견\dx3d\debug\scenegrid.obj
c:\users\psj25_000\desktop\두견\dx3d\debug\scenemanager.obj
c:\users\psj25_000\desktop\두견\dx3d\debug\sceneobjmap.obj
c:\users\psj25_000\desktop\두견\dx3d\debug\teachgrid.obj
c:\users\psj25_000\desktop\두견\dx3d\debug\texturemanager.obj
c:\users\psj25_000\desktop\두견\dx3d\debug\timemanager.obj
c:\users\psj25_000\desktop\두견\dx3d\debug\uibutton.obj
c:\users\psj25_000\desktop\두견\dx3d\debug\uiimage.obj
c:\users\psj25_000\desktop\두견\dx3d\debug\uitext.obj
c:\users\psj25_000\desktop\두견\dx3d\debug\walls.obj
c:\users\psj25_000\desktop\두견\dx3d\debug\cubeman.obj
c:\users\psj25_000\desktop\두견\dx3d\debug\cubemanparts.obj
c:\users\psj25_000\desktop\두견\dx3d\debug\d3dutility.obj
c:\users\psj25_000\desktop\두견\dx3d\debug\debug.obj
c:\users\psj25_000\desktop\두견\dx3d\debug\devicemanager.obj
c:\users\psj25_000\desktop\두견\dx3d\debug\drawinggroup.obj
c:\users\psj25_000\desktop\두견\dx3d\debug\dx3d.obj
c:\users\psj25_000\desktop\두견\dx3d\debug\enemyman.obj
c:\users\psj25_000\desktop\두견\dx3d\debug\fontmanager.obj
c:\users\psj25_000\desktop\두견\dx3d\debug\frustum.obj
c:\users\psj25_000\desktop\두견\dx3d\debug\globaldefinition.obj
c:\users\psj25_000\desktop\두견\dx3d\debug\heap.obj
c:\users\psj25_000\desktop\두견\dx3d\debug\heightmap.obj
c:\users\psj25_000\desktop\두견\dx3d\debug\hexagon.obj
c:\users\psj25_000\desktop\두견\dx3d\debug\iaction.obj
c:\users\psj25_000\desktop\두견\dx3d\debug\iactionobject.obj
c:\users\psj25_000\desktop\두견\dx3d\debug\idisplayobject.obj
c:\users\psj25_000\desktop\두견\dx3d\debug\iuiobject.obj
c:\users\psj25_000\desktop\두견\dx3d\debug\iunitobject.obj
c:\users\psj25_000\desktop\두견\dx3d\debug\keyboardmanager.obj
c:\users\psj25_000\desktop\두견\dx3d\debug\actioncube.obj
c:\users\psj25_000\desktop\두견\dx3d\debug\actionmoveto.obj
c:\users\psj25_000\desktop\두견\dx3d\debug\actionrepeat.obj
c:\users\psj25_000\desktop\두견\dx3d\debug\actionsequence.obj
c:\users\psj25_000\desktop\두견\dx3d\debug\application.obj
c:\users\psj25_000\desktop\두견\dx3d\debug\asecharacter.obj
c:\users\psj25_000\desktop\두견\dx3d\debug\aseloader.obj
c:\users\psj25_000\desktop\두견\dx3d\debug\aseobject.obj
c:\users\psj25_000\desktop\두견\dx3d\debug\astar.obj
c:\users\psj25_000\desktop\두견\dx3d\debug\astarnode.obj
c:\users\psj25_000\desktop\두견\dx3d\debug\baseobject.obj
c:\users\psj25_000\desktop\두견\dx3d\debug\camera.obj
c:\users\psj25_000\desktop\두견\dx3d\debug\sceneheightmap.obj
c:\users\psj25_000\desktop\두견\dx3d\debug\allocatehierarchy.obj
c:\users\psj25_000\desktop\두견\dx3d\debug\skinnedmesh.obj
c:\users\psj25_000\desktop\두견\dx3d\debug\cplayertest.obj
c:\users\psj25_000\desktop\두견\dx3d\debug\vertexblending.obj
c:\users\psj25_000\desktop\두견\dx3d\debug\bullet.obj
c:\users\psj25_000\desktop\두견\dx3d\debug\bulletmanager.obj
c:\users\psj25_000\desktop\두견\dx3d\debug\dx.obj
c:\users\psj25_000\desktop\두견\dx3d\debug\skybox.obj
c:\users\psj25_000\desktop\두견\dx3d\debug\skinnedmeshmanager.obj
c:\users\psj25_000\desktop\두견\debug\dx3d.ilk
c:\users\psj25_000\desktop\두견\debug\dx3d.exe
c:\users\psj25_000\desktop\두견\debug\dx3d.pdb
c:\users\psj25_000\desktop\두견\dx3d\debug\dx3d.res
c:\users\psj25_000\desktop\두견\dx3d\debug\dx3d.tlog\cl.command.1.tlog
c:\users\psj25_000\desktop\두견\dx3d\debug\dx3d.tlog\cl.read.1.tlog
c:\users\psj25_000\desktop\두견\dx3d\debug\dx3d.tlog\cl.write.1.tlog
c:\users\psj25_000\desktop\두견\dx3d\debug\dx3d.tlog\link.command.1.tlog
c:\users\psj25_000\desktop\두견\dx3d\debug\dx3d.tlog\link.read.1.tlog
c:\users\psj25_000\desktop\두견\dx3d\debug\dx3d.tlog\link.write.1.tlog
c:\users\psj25_000\desktop\두견\dx3d\debug\dx3d.tlog\rc.command.1.tlog
c:\users\psj25_000\desktop\두견\dx3d\debug\dx3d.tlog\rc.read.1.tlog
c:\users\psj25_000\desktop\두견\dx3d\debug\dx3d.tlog\rc.write.1.tlog
