  stdafx.cpp
  AllocateHierarchy.cpp
c:\d_drive\temproject\bgp\dx3d\allocatehierarchy.cpp(18): warning C4316: 'ST_BONE': 힙에 할당된 개체가 16에 맞추어져 있지 않을 수도 있습니다
  Application.cpp
  AseCharacter.cpp
  AseLoader.cpp
c:\d_drive\temproject\bgp\dx3d\aseloader.cpp(38): warning C4316: 'AseObject': 힙에 할당된 개체가 16에 맞추어져 있지 않을 수도 있습니다
c:\d_drive\temproject\bgp\dx3d\aseloader.cpp(107): warning C4244: 'return': 'double'에서 'float'(으)로 변환하면서 데이터가 손실될 수 있습니다.
  AseObject.cpp
c:\d_drive\temproject\bgp\dx3d\aseobject.cpp(49): warning C4305: '=': 'double'에서 'float'(으)로 잘립니다.
c:\d_drive\temproject\bgp\dx3d\aseobject.cpp(50): warning C4305: '=': 'double'에서 'float'(으)로 잘립니다.
c:\d_drive\temproject\bgp\dx3d\aseobject.cpp(51): warning C4305: '=': 'double'에서 'float'(으)로 잘립니다.
  AStar.cpp
c:\d_drive\temproject\bgp\dx3d\astar.cpp(135): warning C4244: '=': 'float'에서 'int'(으)로 변환하면서 데이터가 손실될 수 있습니다.
c:\d_drive\temproject\bgp\dx3d\astar.cpp(150): warning C4018: '<': signed 또는 unsigned가 일치하지 않습니다.
c:\d_drive\temproject\bgp\dx3d\astar.cpp(162): warning C4018: '<': signed 또는 unsigned가 일치하지 않습니다.
c:\d_drive\temproject\bgp\dx3d\astar.cpp(215): warning C4018: '<': signed 또는 unsigned가 일치하지 않습니다.
  AStarNode.cpp
c:\d_drive\temproject\bgp\dx3d\astarnode.cpp(23): warning C4244: '=': 'int'에서 'float'(으)로 변환하면서 데이터가 손실될 수 있습니다.
  BaseObject.cpp
  Bullet.cpp
  BulletManager.cpp
c:\d_drive\temproject\bgp\dx3d\bulletmanager.cpp(45): warning C4316: 'Bullet': 힙에 할당된 개체가 16에 맞추어져 있지 않을 수도 있습니다
  Camera.cpp
  Collision.cpp
  Cursor.cpp
c:\d_drive\temproject\bgp\dx3d\cursor.cpp(16): warning C4316: 'UIImage': 힙에 할당된 개체가 16에 맞추어져 있지 않을 수도 있습니다
c:\d_drive\temproject\bgp\dx3d\cursor.cpp(21): warning C4244: '인수': 'LONG'에서 'FLOAT'(으)로 변환하면서 데이터가 손실될 수 있습니다.
c:\d_drive\temproject\bgp\dx3d\cursor.cpp(29): warning C4244: '인수': 'LONG'에서 'FLOAT'(으)로 변환하면서 데이터가 손실될 수 있습니다.
  Debug.cpp
  DeviceManager.cpp
  DrawingGroup.cpp
  DX.cpp
  DX3D.cpp
  Equipment.cpp
c:\d_drive\temproject\bgp\dx3d\equipment.cpp(16): warning C4316: 'UIImage': 힙에 할당된 개체가 16에 맞추어져 있지 않을 수도 있습니다
  FontManager.cpp
  코드를 생성하고 있습니다...
c:\d_drive\temproject\bgp\dx3d\devicemanager.cpp(51): warning C4715: 'DeviceManager::Init': 모든 제어 경로에서 값을 반환하지는 않습니다.
  컴파일하고 있습니다...
  GlobalDefinition.cpp
  Heap.cpp
c:\d_drive\temproject\bgp\dx3d\heap.cpp(64): warning C4018: '>=': signed 또는 unsigned가 일치하지 않습니다.
c:\d_drive\temproject\bgp\dx3d\heap.cpp(70): warning C4018: '<': signed 또는 unsigned가 일치하지 않습니다.
  IDisplayObject.cpp
  Inventory.cpp
c:\d_drive\temproject\bgp\dx3d\inventory.cpp(29): warning C4316: 'Equipment': 힙에 할당된 개체가 16에 맞추어져 있지 않을 수도 있습니다
c:\d_drive\temproject\bgp\dx3d\inventory.cpp(30): warning C4316: 'Cursor': 힙에 할당된 개체가 16에 맞추어져 있지 않을 수도 있습니다
c:\d_drive\temproject\bgp\dx3d\inventory.cpp(32): warning C4316: 'UIImage': 힙에 할당된 개체가 16에 맞추어져 있지 않을 수도 있습니다
c:\d_drive\temproject\bgp\dx3d\inventory.cpp(115): warning C4316: 'Item': 힙에 할당된 개체가 16에 맞추어져 있지 않을 수도 있습니다
c:\d_drive\temproject\bgp\dx3d\inventory.cpp(129): warning C4316: 'Item': 힙에 할당된 개체가 16에 맞추어져 있지 않을 수도 있습니다
c:\d_drive\temproject\bgp\dx3d\inventory.cpp(156): warning C4244: '초기화 중': 'float'에서 'int'(으)로 변환하면서 데이터가 손실될 수 있습니다.
c:\d_drive\temproject\bgp\dx3d\inventory.cpp(157): warning C4244: '초기화 중': 'float'에서 'int'(으)로 변환하면서 데이터가 손실될 수 있습니다.
c:\d_drive\temproject\bgp\dx3d\inventory.cpp(175): warning C4018: '<': signed 또는 unsigned가 일치하지 않습니다.
  Item.cpp
c:\d_drive\temproject\bgp\dx3d\item.cpp(25): warning C4316: 'UIImage': 힙에 할당된 개체가 16에 맞추어져 있지 않을 수도 있습니다
c:\d_drive\temproject\bgp\dx3d\item.cpp(31): warning C4316: 'SkinnedMesh': 힙에 할당된 개체가 16에 맞추어져 있지 않을 수도 있습니다
c:\d_drive\temproject\bgp\dx3d\item.cpp(32): warning C4316: 'UIImage': 힙에 할당된 개체가 16에 맞추어져 있지 않을 수도 있습니다
c:\d_drive\temproject\bgp\dx3d\item.cpp(87): warning C4244: '초기화 중': 'float'에서 'int'(으)로 변환하면서 데이터가 손실될 수 있습니다.
c:\d_drive\temproject\bgp\dx3d\item.cpp(88): warning C4244: '초기화 중': 'float'에서 'int'(으)로 변환하면서 데이터가 손실될 수 있습니다.
c:\d_drive\temproject\bgp\dx3d\item.cpp(89): warning C4244: '초기화 중': 'FLOAT'에서 'int'(으)로 변환하면서 데이터가 손실될 수 있습니다.
c:\d_drive\temproject\bgp\dx3d\item.cpp(90): warning C4244: '초기화 중': 'FLOAT'에서 'int'(으)로 변환하면서 데이터가 손실될 수 있습니다.
  ItemManager.cpp
c:\d_drive\temproject\bgp\dx3d\itemmanager.cpp(20): warning C4244: '인수': 'int'에서 'FLOAT'(으)로 변환하면서 데이터가 손실될 수 있습니다.
c:\d_drive\temproject\bgp\dx3d\itemmanager.cpp(21): warning C4244: '인수': 'int'에서 'FLOAT'(으)로 변환하면서 데이터가 손실될 수 있습니다.
c:\d_drive\temproject\bgp\dx3d\itemmanager.cpp(22): warning C4244: '인수': 'int'에서 'FLOAT'(으)로 변환하면서 데이터가 손실될 수 있습니다.
c:\d_drive\temproject\bgp\dx3d\itemmanager.cpp(24): warning C4244: '인수': 'int'에서 'FLOAT'(으)로 변환하면서 데이터가 손실될 수 있습니다.
c:\d_drive\temproject\bgp\dx3d\itemmanager.cpp(25): warning C4244: '인수': 'int'에서 'FLOAT'(으)로 변환하면서 데이터가 손실될 수 있습니다.
c:\d_drive\temproject\bgp\dx3d\itemmanager.cpp(26): warning C4244: '인수': 'int'에서 'FLOAT'(으)로 변환하면서 데이터가 손실될 수 있습니다.
c:\d_drive\temproject\bgp\dx3d\itemmanager.cpp(28): warning C4244: '인수': 'int'에서 'FLOAT'(으)로 변환하면서 데이터가 손실될 수 있습니다.
c:\d_drive\temproject\bgp\dx3d\itemmanager.cpp(29): warning C4244: '인수': 'int'에서 'FLOAT'(으)로 변환하면서 데이터가 손실될 수 있습니다.
c:\d_drive\temproject\bgp\dx3d\itemmanager.cpp(30): warning C4244: '인수': 'int'에서 'FLOAT'(으)로 변환하면서 데이터가 손실될 수 있습니다.
c:\d_drive\temproject\bgp\dx3d\itemmanager.cpp(32): warning C4244: '인수': 'int'에서 'FLOAT'(으)로 변환하면서 데이터가 손실될 수 있습니다.
c:\d_drive\temproject\bgp\dx3d\itemmanager.cpp(33): warning C4244: '인수': 'int'에서 'FLOAT'(으)로 변환하면서 데이터가 손실될 수 있습니다.
c:\d_drive\temproject\bgp\dx3d\itemmanager.cpp(34): warning C4244: '인수': 'int'에서 'FLOAT'(으)로 변환하면서 데이터가 손실될 수 있습니다.
c:\d_drive\temproject\bgp\dx3d\itemmanager.cpp(36): warning C4244: '인수': 'int'에서 'FLOAT'(으)로 변환하면서 데이터가 손실될 수 있습니다.
c:\d_drive\temproject\bgp\dx3d\itemmanager.cpp(37): warning C4244: '인수': 'int'에서 'FLOAT'(으)로 변환하면서 데이터가 손실될 수 있습니다.
c:\d_drive\temproject\bgp\dx3d\itemmanager.cpp(38): warning C4244: '인수': 'int'에서 'FLOAT'(으)로 변환하면서 데이터가 손실될 수 있습니다.
c:\d_drive\temproject\bgp\dx3d\itemmanager.cpp(59): warning C4316: 'Item': 힙에 할당된 개체가 16에 맞추어져 있지 않을 수도 있습니다
  IUIObject.cpp
c:\d_drive\temproject\bgp\dx3d\iuiobject.cpp(92): warning C4244: '초기화 중': 'float'에서 'int'(으)로 변환하면서 데이터가 손실될 수 있습니다.
c:\d_drive\temproject\bgp\dx3d\iuiobject.cpp(93): warning C4244: '초기화 중': 'float'에서 'int'(으)로 변환하면서 데이터가 손실될 수 있습니다.
c:\d_drive\temproject\bgp\dx3d\iuiobject.cpp(94): warning C4244: '초기화 중': 'FLOAT'에서 'int'(으)로 변환하면서 데이터가 손실될 수 있습니다.
c:\d_drive\temproject\bgp\dx3d\iuiobject.cpp(95): warning C4244: '초기화 중': 'FLOAT'에서 'int'(으)로 변환하면서 데이터가 손실될 수 있습니다.
  IUnitObject.cpp
  KeyboardManager.cpp
  MapManager.cpp
  Mesh.cpp
  MeshManager.cpp
  Monster.cpp
c:\d_drive\temproject\bgp\dx3d\monster.cpp(31): warning C4316: 'SkinnedMesh': 힙에 할당된 개체가 16에 맞추어져 있지 않을 수도 있습니다
  MonsterManager.cpp
c:\d_drive\temproject\bgp\dx3d\monstermanager.cpp(47): warning C4316: 'Monster': 힙에 할당된 개체가 16에 맞추어져 있지 않을 수도 있습니다
  ObjLoader.cpp
c:\d_drive\temproject\bgp\dx3d\objloader.cpp(71): warning C4473: 'sscanf_s': 서식 문자열에 대한 인수가 충분하게 전달되지 않았습니다.
  c:\d_drive\temproject\bgp\dx3d\objloader.cpp(71): note: 자리 표시자 및 해당 매개 변수에는 variadic 인수가 3개 필요하지만 2개가 제공되었습니다.
  c:\d_drive\temproject\bgp\dx3d\objloader.cpp(71): note: 누락된 variadic 인수 3이(가) 서식 문자열 '%f'에 필요합니다.
c:\d_drive\temproject\bgp\dx3d\objloader.cpp(223): warning C4473: 'sscanf_s': 서식 문자열에 대한 인수가 충분하게 전달되지 않았습니다.
  c:\d_drive\temproject\bgp\dx3d\objloader.cpp(223): note: 자리 표시자 및 해당 매개 변수에는 variadic 인수가 3개 필요하지만 2개가 제공되었습니다.
  c:\d_drive\temproject\bgp\dx3d\objloader.cpp(223): note: 누락된 variadic 인수 3이(가) 서식 문자열 '%f'에 필요합니다.
  ObjManager.cpp
  ObjMap.cpp
c:\d_drive\temproject\bgp\dx3d\objmap.cpp(145): warning C4018: '>': signed 또는 unsigned가 일치하지 않습니다.
  Picking.cpp
c:\d_drive\temproject\bgp\dx3d\picking.cpp(32): warning C4244: '인수': 'int'에서 'FLOAT'(으)로 변환하면서 데이터가 손실될 수 있습니다.
c:\d_drive\temproject\bgp\dx3d\picking.cpp(82): warning C4244: '초기화 중': 'LONG'에서 'float'(으)로 변환하면서 데이터가 손실될 수 있습니다.
c:\d_drive\temproject\bgp\dx3d\picking.cpp(83): warning C4244: '초기화 중': 'LONG'에서 'float'(으)로 변환하면서 데이터가 손실될 수 있습니다.
c:\d_drive\temproject\bgp\dx3d\picking.cpp(85): warning C4244: '인수': 'float'에서 'int'(으)로 변환하면서 데이터가 손실될 수 있습니다.
  Player.cpp
c:\d_drive\temproject\bgp\dx3d\player.cpp(43): warning C4316: 'UIImage': 힙에 할당된 개체가 16에 맞추어져 있지 않을 수도 있습니다
c:\d_drive\temproject\bgp\dx3d\player.cpp(45): warning C4244: '인수': 'LONG'에서 'FLOAT'(으)로 변환하면서 데이터가 손실될 수 있습니다.
c:\d_drive\temproject\bgp\dx3d\player.cpp(49): warning C4316: 'BulletManager': 힙에 할당된 개체가 16에 맞추어져 있지 않을 수도 있습니다
  Ray.cpp
  코드를 생성하고 있습니다...
  컴파일하고 있습니다...
  SceneManager.cpp
  SceneObjMap.cpp
c:\d_drive\temproject\bgp\dx3d\sceneobjmap.cpp(36): warning C4316: 'SkyBox': 힙에 할당된 개체가 16에 맞추어져 있지 않을 수도 있습니다
c:\d_drive\temproject\bgp\dx3d\sceneobjmap.cpp(37): warning C4316: 'ObjMap': 힙에 할당된 개체가 16에 맞추어져 있지 않을 수도 있습니다
c:\d_drive\temproject\bgp\dx3d\sceneobjmap.cpp(38): warning C4316: 'Player': 힙에 할당된 개체가 16에 맞추어져 있지 않을 수도 있습니다
c:\d_drive\temproject\bgp\dx3d\sceneobjmap.cpp(39): warning C4316: 'MonsterManager': 힙에 할당된 개체가 16에 맞추어져 있지 않을 수도 있습니다
c:\d_drive\temproject\bgp\dx3d\sceneobjmap.cpp(41): warning C4316: 'ItemManager': 힙에 할당된 개체가 16에 맞추어져 있지 않을 수도 있습니다
c:\d_drive\temproject\bgp\dx3d\sceneobjmap.cpp(42): warning C4316: 'Inventory': 힙에 할당된 개체가 16에 맞추어져 있지 않을 수도 있습니다
c:\d_drive\temproject\bgp\dx3d\sceneobjmap.cpp(45): warning C4316: 'Collision': 힙에 할당된 개체가 16에 맞추어져 있지 않을 수도 있습니다
  SkinnedMesh.cpp
c:\d_drive\temproject\bgp\dx3d\skinnedmesh.cpp(55): warning C4244: '=': 'DOUBLE'에서 'float'(으)로 변환하면서 데이터가 손실될 수 있습니다.
  SkinnedMeshManager.cpp
c:\d_drive\temproject\bgp\dx3d\skinnedmeshmanager.cpp(8): warning C4316: 'SkinnedMesh': 힙에 할당된 개체가 16에 맞추어져 있지 않을 수도 있습니다
  SkyBox.cpp
  TextureManager.cpp
  TimeManager.cpp
c:\d_drive\temproject\bgp\dx3d\timemanager.cpp(27): warning C4244: '=': 'float'에서 'int'(으)로 변환하면서 데이터가 손실될 수 있습니다.
  UIButton.cpp
c:\d_drive\temproject\bgp\dx3d\uibutton.cpp(66): warning C4244: '인수': 'FLOAT'에서 'int'(으)로 변환하면서 데이터가 손실될 수 있습니다.
c:\d_drive\temproject\bgp\dx3d\uibutton.cpp(142): warning C4244: '=': 'UINT'에서 'FLOAT'(으)로 변환하면서 데이터가 손실될 수 있습니다.
c:\d_drive\temproject\bgp\dx3d\uibutton.cpp(143): warning C4244: '=': 'UINT'에서 'FLOAT'(으)로 변환하면서 데이터가 손실될 수 있습니다.
  UIImage.cpp
  UIText.cpp
c:\d_drive\temproject\bgp\dx3d\uitext.cpp(19): warning C4244: '인수': 'float'에서 'int'(으)로 변환하면서 데이터가 손실될 수 있습니다.
  코드를 생성하고 있습니다...
  DX3D.vcxproj -> C:\D_drive\TemProject\BGP\Debug\DX3D.exe
